Using pre-set license
Pro License: NO

 COMMAND LINE ARGUMENTS:
/Applications/Unity/Hub/Editor/2021.1.15f1/Unity.app/Contents/MacOS/Unity
-adb2
-batchMode
-noUpm
-name
AssetImportWorker0
-projectPath
/Users/alex/Desktop/projects/game/assignment8
-logFile
Logs/AssetImportWorker0.log
-srvPort
52669
Successfully changed project path to: /Users/alex/Desktop/projects/game/assignment8
/Users/alex/Desktop/projects/game/assignment8
Using Asset Import Pipeline V2.
Refreshing native plugins compatible for Editor in 36.64 ms, found 2 plugins.
Preloading 0 native plugins for Editor in 0.00 ms.
Initialize engine version: 2021.1.15f1 (e767a7370072)
[Subsystems] Discovering subsystems at path /Applications/Unity/Hub/Editor/2021.1.15f1/Unity.app/Contents/Resources/UnitySubsystems
[Subsystems] Discovering subsystems at path /Users/alex/Desktop/projects/game/assignment8/Assets
GfxDevice: creating device client; threaded=0; jobified=0
2021-07-27 19:31:44.503 Unity[6764:228119] (null) preferred device: Apple M1 (high power)
2021-07-27 19:31:44.503 Unity[6764:228119] Metal devices available: 1
2021-07-27 19:31:44.503 Unity[6764:228119] 0: Apple M1 (high power)
2021-07-27 19:31:44.504 Unity[6764:228119] Using device Apple M1 (high power)
Initializing Metal device caps: Apple M1
Initialize mono
Mono path[0] = '/Applications/Unity/Hub/Editor/2021.1.15f1/Unity.app/Contents/Managed'
Mono path[1] = '/Applications/Unity/Hub/Editor/2021.1.15f1/Unity.app/Contents/MonoBleedingEdge/lib/mono/unityjit'
Mono config path = '/Applications/Unity/Hub/Editor/2021.1.15f1/Unity.app/Contents/MonoBleedingEdge/etc'
Using monoOptions --debugger-agent=transport=dt_socket,embedding=1,server=y,suspend=n,address=127.0.0.1:56764
Begin MonoManager ReloadAssembly
Registering precompiled unity dll's ...
Register platform support module: /Applications/Unity/Hub/Editor/2021.1.15f1/Unity.app/Contents/PlaybackEngines/MacStandaloneSupport/UnityEditor.OSXStandalone.Extensions.dll
Registered in 0.002169 seconds.
Native extension for OSXStandalone target not found
Refreshing native plugins compatible for Editor in 35.97 ms, found 2 plugins.
Preloading 0 native plugins for Editor in 0.00 ms.
Mono: successfully reloaded assembly
- Completed reload, in  3.326 seconds
Domain Reload Profiling:
	ReloadAssembly (3327ms)
		BeginReloadAssembly (81ms)
			ExecutionOrderSort (0ms)
			DisableScriptedObjects (0ms)
			BackupInstance (0ms)
			ReleaseScriptingObjects (0ms)
			CreateAndSetChildDomain (5ms)
		EndReloadAssembly (1054ms)
			LoadAssemblies (77ms)
			RebuildTransferFunctionScriptingTraits (0ms)
			SetupTypeCache (239ms)
			ReleaseScriptCaches (0ms)
			RebuildScriptCaches (47ms)
			SetupLoadedEditorAssemblies (617ms)
				LogAssemblyErrors (0ms)
				InitializePlatformSupportModulesInManaged (17ms)
				SetLoadedEditorAssemblies (0ms)
				RefreshPlugins (36ms)
				BeforeProcessingInitializeOnLoad (3ms)
				ProcessInitializeOnLoadAttributes (417ms)
				ProcessInitializeOnLoadMethodAttributes (143ms)
				AfterProcessingInitializeOnLoad (0ms)
				EditorAssembliesLoaded (1ms)
			ExecutionOrderSort2 (0ms)
			AwakeInstancesAfterBackupRestoration (0ms)
Platform modules already initialized, skipping
Registering precompiled user dll's ...
Registered in 0.005599 seconds.
Begin MonoManager ReloadAssembly
Native extension for OSXStandalone target not found
Refreshing native plugins compatible for Editor in 0.62 ms, found 2 plugins.
Preloading 0 native plugins for Editor in 0.00 ms.
Mono: successfully reloaded assembly
- Completed reload, in  2.628 seconds
Domain Reload Profiling:
	ReloadAssembly (2630ms)
		BeginReloadAssembly (286ms)
			ExecutionOrderSort (0ms)
			DisableScriptedObjects (37ms)
			BackupInstance (0ms)
			ReleaseScriptingObjects (0ms)
			CreateAndSetChildDomain (44ms)
		EndReloadAssembly (2233ms)
			LoadAssemblies (204ms)
			RebuildTransferFunctionScriptingTraits (0ms)
			SetupTypeCache (368ms)
			ReleaseScriptCaches (1ms)
			RebuildScriptCaches (69ms)
			SetupLoadedEditorAssemblies (1248ms)
				LogAssemblyErrors (0ms)
				InitializePlatformSupportModulesInManaged (16ms)
				SetLoadedEditorAssemblies (1ms)
				RefreshPlugins (1ms)
				BeforeProcessingInitializeOnLoad (119ms)
				ProcessInitializeOnLoadAttributes (983ms)
				ProcessInitializeOnLoadMethodAttributes (127ms)
				AfterProcessingInitializeOnLoad (1ms)
				EditorAssembliesLoaded (0ms)
			ExecutionOrderSort2 (0ms)
			AwakeInstancesAfterBackupRestoration (41ms)
Platform modules already initialized, skipping
========================================================================
Worker process is ready to serve import requests
Launching external process: /Applications/Unity/Hub/Editor/2021.1.15f1/Unity.app/Contents/Tools/UnityShaderCompiler
Launched and connected shader compiler UnityShaderCompiler after 0.04 seconds
Refreshing native plugins compatible for Editor in 0.53 ms, found 2 plugins.
Preloading 0 native plugins for Editor in 0.00 ms.
Unloading 1975 Unused Serialized files (Serialized files now loaded: 0)
System memory in use before: 160.5 MB.
System memory in use after: 160.6 MB.

Unloading 58 unused Assets to reduce memory usage. Loaded Objects now: 2395.
Total: 4.248250 ms (FindLiveObjects: 0.086500 ms CreateObjectMapping: 0.037292 ms MarkObjects: 4.060500 ms  DeleteObjects: 0.063167 ms)

AssetImportParameters requested are different than current active one (requested -> active):
  custom:video-decoder-ogg-theora: a1e56fd34408186e4bbccfd4996cb3dc -> 
  custom:container-muxer-webm: aa71ff27fc2769a1b78a27578f13a17b -> 
  custom:container-demuxer-webm: 4f35f7cbe854078d1ac9338744f61a02 -> 
  custom:container-demuxer-ogg: 62fdf1f143b41e24485cea50d1cbac27 -> 
  custom:video-encoder-webm-vp8: eb34c28f22e8b96e1ab97ce403110664 -> 
  custom:framework-osx-AVFoundation: e770b220cccbd017edd2c1fefb359320 -> 
  custom:video-decoder-webm-vp8: 9c59270c3fd7afecdb556c50c9e8de78 -> 
  custom:audio-decoder-ogg-vorbis: bf7c407c2cedff20999df2af8eb42d56 -> 
  custom:audio-encoder-webm-vorbis: bf7c407c2cedff20999df2af8eb42d56 -> 
========================================================================
Received Import Request.
  path: Assets/ProtoPack/Materials/SlimeTexture.mat
  artifactKey: Guid(ee93d6862e8524248bf6c7c3a134946e) Importer(815301076,1909f56bfc062723c751e8b465ee728b)
Start importing Assets/ProtoPack/Materials/SlimeTexture.mat using Guid(ee93d6862e8524248bf6c7c3a134946e) Importer(815301076,1909f56bfc062723c751e8b465ee728b)  -> (artifact id: 'b29e91502b277481f9f5e37dda2cbbf5') in 1.204114 seconds 
========================================================================
Received Import Request.
  Time since last request: 0.000153 seconds.
  path: Assets/ProtoPack/Materials/ChestTexture.mat
  artifactKey: Guid(17dcc53c0cc6a98479ce186390a40d48) Importer(815301076,1909f56bfc062723c751e8b465ee728b)
Start importing Assets/ProtoPack/Materials/ChestTexture.mat using Guid(17dcc53c0cc6a98479ce186390a40d48) Importer(815301076,1909f56bfc062723c751e8b465ee728b)  -> (artifact id: '953406fe19fcdfba6033d08868ded079') in 0.015326 seconds 
========================================================================
Received Import Request.
  Time since last request: 0.000330 seconds.
  path: Assets/ProtoPack/Materials/DoorTexture.mat
  artifactKey: Guid(720221bdc05ef524189a1e5346db6b72) Importer(815301076,1909f56bfc062723c751e8b465ee728b)
Start importing Assets/ProtoPack/Materials/DoorTexture.mat using Guid(720221bdc05ef524189a1e5346db6b72) Importer(815301076,1909f56bfc062723c751e8b465ee728b)  -> (artifact id: '62d9c4a13462df74892c2e3a55cc9daa') in 0.019753 seconds 
========================================================================
Received Import Request.
  Time since last request: 0.000240 seconds.
  path: Assets/ProtoPack/Materials/WallTexture.mat
  artifactKey: Guid(8f81960a975922c4988f3c4425f40cce) Importer(815301076,1909f56bfc062723c751e8b465ee728b)
Start importing Assets/ProtoPack/Materials/WallTexture.mat using Guid(8f81960a975922c4988f3c4425f40cce) Importer(815301076,1909f56bfc062723c751e8b465ee728b)  -> (artifact id: 'bd415e779e9a72935b667326b001a087') in 0.138289 seconds 
========================================================================
Received Import Request.
  Time since last request: 0.000168 seconds.
  path: Assets/ProtoPack/Materials/CrateTexture.mat
  artifactKey: Guid(a571ac2412eb5314997dc7ad39f4ddb0) Importer(815301076,1909f56bfc062723c751e8b465ee728b)
Start importing Assets/ProtoPack/Materials/CrateTexture.mat using Guid(a571ac2412eb5314997dc7ad39f4ddb0) Importer(815301076,1909f56bfc062723c751e8b465ee728b)  -> (artifact id: 'ab6ee587308bf68981dfd10b4c0837c0') in 0.014348 seconds 
========================================================================
Received Import Request.
  Time since last request: 0.000225 seconds.
  path: Assets/ProtoPack/Materials/WallTextureGreen.mat
  artifactKey: Guid(377efe5b5b9db02468a0a3758bb104b4) Importer(815301076,1909f56bfc062723c751e8b465ee728b)
Start importing Assets/ProtoPack/Materials/WallTextureGreen.mat using Guid(377efe5b5b9db02468a0a3758bb104b4) Importer(815301076,1909f56bfc062723c751e8b465ee728b)  -> (artifact id: '11605bed18e753fec9b946279a92022a') in 0.008343 seconds 
========================================================================
Received Import Request.
  Time since last request: 0.000167 seconds.
  path: Assets/ProtoPack/Materials/HeartTexture.mat
  artifactKey: Guid(4bab2ed8a6908d14e904e104bbf0a8e7) Importer(815301076,1909f56bfc062723c751e8b465ee728b)
Start importing Assets/ProtoPack/Materials/HeartTexture.mat using Guid(4bab2ed8a6908d14e904e104bbf0a8e7) Importer(815301076,1909f56bfc062723c751e8b465ee728b)  -> (artifact id: '8735f8fcaf69e8a3cd431e1731c16ca7') in 0.007298 seconds 
========================================================================
Received Import Request.
  Time since last request: 0.000222 seconds.
  path: Assets/ProtoPack/Materials/WallTextureYellow.mat
  artifactKey: Guid(b835809e15906ac4c9a230e656be0792) Importer(815301076,1909f56bfc062723c751e8b465ee728b)
Start importing Assets/ProtoPack/Materials/WallTextureYellow.mat using Guid(b835809e15906ac4c9a230e656be0792) Importer(815301076,1909f56bfc062723c751e8b465ee728b)  -> (artifact id: '3a81555c2434cc26c1b526eda65a5d2e') in 0.008277 seconds 
========================================================================
Received Import Request.
  Time since last request: 0.000169 seconds.
  path: Assets/ProtoPack/Materials/StopwatchTexture.mat
  artifactKey: Guid(61883cdd0595c0845a447e325f6b3e80) Importer(815301076,1909f56bfc062723c751e8b465ee728b)
Start importing Assets/ProtoPack/Materials/StopwatchTexture.mat using Guid(61883cdd0595c0845a447e325f6b3e80) Importer(815301076,1909f56bfc062723c751e8b465ee728b)  -> (artifact id: 'd5da04eda3392a2ee522d505cfd4c348') in 0.007321 seconds 
========================================================================
Received Import Request.
  Time since last request: 0.000200 seconds.
  path: Assets/ProtoPack/Materials/FirstAidTexture.mat
  artifactKey: Guid(55e33aba0b6c151429142a653ba23620) Importer(815301076,1909f56bfc062723c751e8b465ee728b)
Start importing Assets/ProtoPack/Materials/FirstAidTexture.mat using Guid(55e33aba0b6c151429142a653ba23620) Importer(815301076,1909f56bfc062723c751e8b465ee728b)  -> (artifact id: 'b0277ccab5b808e8e9907210e45341a5') in 0.011778 seconds 
========================================================================
Received Import Request.
  Time since last request: 0.000256 seconds.
  path: Assets/Main/ReflectionProbe-0.exr
  artifactKey: Guid(d0f373ffc4a5047b18739d3be1bbc76f) Importer(815301076,1909f56bfc062723c751e8b465ee728b)
Start importing Assets/Main/ReflectionProbe-0.exr using Guid(d0f373ffc4a5047b18739d3be1bbc76f) Importer(815301076,1909f56bfc062723c751e8b465ee728b)  -> (artifact id: '8386ca67b75d6ec14f070781ecf1c3f7') in 0.537693 seconds 
========================================================================
Received Import Request.
  Time since last request: 0.000492 seconds.
  path: Assets/ProtoPack/Materials
  artifactKey: Guid(dcd3faea032d7414da82c7aa2ca377b0) Importer(815301076,1909f56bfc062723c751e8b465ee728b)
Start importing Assets/ProtoPack/Materials using Guid(dcd3faea032d7414da82c7aa2ca377b0) Importer(815301076,1909f56bfc062723c751e8b465ee728b)  -> (artifact id: '7c9c7d1244b2ee4f7cf2cbff457963cb') in 0.000886 seconds 
========================================================================
Received Import Request.
  Time since last request: 0.000196 seconds.
  path: Assets/ProtoPack/Materials/GreenFloor.mat
  artifactKey: Guid(6fb9fd85d30a17e4d980c042c42d2305) Importer(815301076,1909f56bfc062723c751e8b465ee728b)
Start importing Assets/ProtoPack/Materials/GreenFloor.mat using Guid(6fb9fd85d30a17e4d980c042c42d2305) Importer(815301076,1909f56bfc062723c751e8b465ee728b)  -> (artifact id: '76546682964ddc1e48aed5098a146615') in 0.008189 seconds 
========================================================================
Received Import Request.
  Time since last request: 0.000256 seconds.
  path: Assets/ProtoPack/Materials/PlayerTexture.mat
  artifactKey: Guid(226414652a16d5b49ab53d6d0f19cdba) Importer(815301076,1909f56bfc062723c751e8b465ee728b)
Start importing Assets/ProtoPack/Materials/PlayerTexture.mat using Guid(226414652a16d5b49ab53d6d0f19cdba) Importer(815301076,1909f56bfc062723c751e8b465ee728b)  -> (artifact id: 'f34781013465116903c93436e713979e') in 0.010229 seconds 
========================================================================
Received Import Request.
  Time since last request: 0.000231 seconds.
  path: Assets/Main/LightingData.asset
  artifactKey: Guid(5d6e8360fe6094193ae5ba2e07fb73f4) Importer(815301076,1909f56bfc062723c751e8b465ee728b)
Start importing Assets/Main/LightingData.asset using Guid(5d6e8360fe6094193ae5ba2e07fb73f4) Importer(815301076,1909f56bfc062723c751e8b465ee728b)  -> (artifact id: '32d1c4791c9e53ee8f5304323061112f') in 0.174401 seconds 
========================================================================
Received Import Request.
  Time since last request: 0.000145 seconds.
  path: Assets/ProtoPack/Materials/SignpostTexture.mat
  artifactKey: Guid(9f9445f7468c57449bd7eea117683f62) Importer(815301076,1909f56bfc062723c751e8b465ee728b)
Start importing Assets/ProtoPack/Materials/SignpostTexture.mat using Guid(9f9445f7468c57449bd7eea117683f62) Importer(815301076,1909f56bfc062723c751e8b465ee728b)  -> (artifact id: '3ffec61d0c293e7ed811759c5b6e1d16') in 0.008387 seconds 
========================================================================
Received Import Request.
  Time since last request: 0.000207 seconds.
  path: Assets/ProtoPack/Materials/SpikesTexture.mat
  artifactKey: Guid(a40b2b9b46ac4554da0c52d925955137) Importer(815301076,1909f56bfc062723c751e8b465ee728b)
Start importing Assets/ProtoPack/Materials/SpikesTexture.mat using Guid(a40b2b9b46ac4554da0c52d925955137) Importer(815301076,1909f56bfc062723c751e8b465ee728b)  -> (artifact id: 'bf171045c2b9a629b67fe7c9dfe8a5cb') in 0.007406 seconds 
========================================================================
Received Import Request.
  Time since last request: 0.000184 seconds.
  path: Assets/ProtoPack/Materials/WallTextureBlack.mat
  artifactKey: Guid(53258ed5d478d95409e076835c2984b4) Importer(815301076,1909f56bfc062723c751e8b465ee728b)
Start importing Assets/ProtoPack/Materials/WallTextureBlack.mat using Guid(53258ed5d478d95409e076835c2984b4) Importer(815301076,1909f56bfc062723c751e8b465ee728b)  -> (artifact id: '2476fac7822a022c2496ca6037c411c5') in 0.006238 seconds 
========================================================================
Received Import Request.
  Time since last request: 0.000159 seconds.
  path: Assets/ProtoPack/Materials/DiamondTexture.mat
  artifactKey: Guid(701e58a0f5c4a754c9a71e291b9d2935) Importer(815301076,1909f56bfc062723c751e8b465ee728b)
Start importing Assets/ProtoPack/Materials/DiamondTexture.mat using Guid(701e58a0f5c4a754c9a71e291b9d2935) Importer(815301076,1909f56bfc062723c751e8b465ee728b)  -> (artifact id: 'b28911dad72a307149c1a051a30fb5ca') in 0.314938 seconds 
========================================================================
Received Import Request.
  Time since last request: 0.000167 seconds.
  path: Assets/ProtoPack/Materials/WallTextureBlue.mat
  artifactKey: Guid(26da9909fc64dc344b4db08a14509528) Importer(815301076,1909f56bfc062723c751e8b465ee728b)
Start importing Assets/ProtoPack/Materials/WallTextureBlue.mat using Guid(26da9909fc64dc344b4db08a14509528) Importer(815301076,1909f56bfc062723c751e8b465ee728b)  -> (artifact id: '9c2de7e4bbcc948b043b69921283891a') in 0.006818 seconds 
========================================================================
Received Import Request.
  Time since last request: 0.000267 seconds.
  path: Assets/ProtoPack/Materials/RockTexture.mat
  artifactKey: Guid(7206ac545f2f7f34b81f2de8761fac0e) Importer(815301076,1909f56bfc062723c751e8b465ee728b)
Start importing Assets/ProtoPack/Materials/RockTexture.mat using Guid(7206ac545f2f7f34b81f2de8761fac0e) Importer(815301076,1909f56bfc062723c751e8b465ee728b)  -> (artifact id: '230b68ef6d732ab766dee38ee08af3b6') in 0.007414 seconds 
========================================================================
Received Import Request.
  Time since last request: 0.000159 seconds.
  path: Assets/ProtoPack/Materials/WallTextureRed.mat
  artifactKey: Guid(9edf587f137dd3d4584c2087a2973a6f) Importer(815301076,1909f56bfc062723c751e8b465ee728b)
Start importing Assets/ProtoPack/Materials/WallTextureRed.mat using Guid(9edf587f137dd3d4584c2087a2973a6f) Importer(815301076,1909f56bfc062723c751e8b465ee728b)  -> (artifact id: 'e3e5410f8efbaff208324250044f3a0d') in 0.006359 seconds 
========================================================================
Received Import Request.
  Time since last request: 0.000249 seconds.
  path: Assets/ProtoPack/Materials/CoinTexture.mat
  artifactKey: Guid(1cea35320a20d47428f0d71909a01613) Importer(815301076,1909f56bfc062723c751e8b465ee728b)
Start importing Assets/ProtoPack/Materials/CoinTexture.mat using Guid(1cea35320a20d47428f0d71909a01613) Importer(815301076,1909f56bfc062723c751e8b465ee728b)  -> (artifact id: '296eac285dc99ae5ef0a437d89e0269d') in 0.012149 seconds 
========================================================================
Received Import Request.
  Time since last request: 0.000365 seconds.
  path: Assets/ProtoPack/Materials/WallTextureWhite.mat
  artifactKey: Guid(7bda9f459f10ff149a228d9a2e8e87bb) Importer(815301076,1909f56bfc062723c751e8b465ee728b)
Start importing Assets/ProtoPack/Materials/WallTextureWhite.mat using Guid(7bda9f459f10ff149a228d9a2e8e87bb) Importer(815301076,1909f56bfc062723c751e8b465ee728b)  -> (artifact id: 'e3103ccf513e451fe35ce7fd4e25df9e') in 0.006127 seconds 
========================================================================
Received Import Request.
  Time since last request: 0.000161 seconds.
  path: Assets/ProtoPack/Materials/WallCornerTexture.mat
  artifactKey: Guid(adeef9dcfb9abce4d9459b2755a79040) Importer(815301076,1909f56bfc062723c751e8b465ee728b)
Start importing Assets/ProtoPack/Materials/WallCornerTexture.mat using Guid(adeef9dcfb9abce4d9459b2755a79040) Importer(815301076,1909f56bfc062723c751e8b465ee728b)  -> (artifact id: '5c7318d1241702469d37a09949f882e0') in 0.006862 seconds 
========================================================================
Received Import Request.
  Time since last request: 0.000174 seconds.
  path: Assets/ProtoPack/Materials/MacheteTexture.mat
  artifactKey: Guid(400ca79f718222445b166ca9e98571c7) Importer(815301076,1909f56bfc062723c751e8b465ee728b)
Start importing Assets/ProtoPack/Materials/MacheteTexture.mat using Guid(400ca79f718222445b166ca9e98571c7) Importer(815301076,1909f56bfc062723c751e8b465ee728b)  -> (artifact id: '5ced86045aee172fa43b2405d6f17da8') in 0.007107 seconds 
========================================================================
Received Import Request.
  Time since last request: 0.000163 seconds.
  path: Assets/ProtoPack/Materials/PlatformTexture.mat
  artifactKey: Guid(98190da2f349e4241b84334b05e3c3e7) Importer(815301076,1909f56bfc062723c751e8b465ee728b)
Start importing Assets/ProtoPack/Materials/PlatformTexture.mat using Guid(98190da2f349e4241b84334b05e3c3e7) Importer(815301076,1909f56bfc062723c751e8b465ee728b)  -> (artifact id: 'ca3f03bc8096d7464a494fd8300cab22') in 0.006966 seconds 
========================================================================
Received Import Request.
  Time since last request: 0.000205 seconds.
  path: Assets/ProtoPack/Materials/StarTexture.mat
  artifactKey: Guid(6a05913d921805c4481978aa27606244) Importer(815301076,1909f56bfc062723c751e8b465ee728b)
Start importing Assets/ProtoPack/Materials/StarTexture.mat using Guid(6a05913d921805c4481978aa27606244) Importer(815301076,1909f56bfc062723c751e8b465ee728b)  -> (artifact id: '2c745311bee3d6ae633f4cbe539c6e24') in 0.010982 seconds 
========================================================================
Received Import Request.
  Time since last request: 0.000155 seconds.
  path: Assets/ProtoPack/Materials/KeyTexture.mat
  artifactKey: Guid(9cbc55ed513fe50499532a803ea00575) Importer(815301076,1909f56bfc062723c751e8b465ee728b)
Start importing Assets/ProtoPack/Materials/KeyTexture.mat using Guid(9cbc55ed513fe50499532a803ea00575) Importer(815301076,1909f56bfc062723c751e8b465ee728b)  -> (artifact id: '556a5ff5fcff31f817853373779ed107') in 0.006728 seconds 
========================================================================
Received Import Request.
  Time since last request: 25.887350 seconds.
  path: Assets/Resources/Scenes
  artifactKey: Guid(63e99580bebaa4bb396b998cb995035c) Importer(815301076,1909f56bfc062723c751e8b465ee728b)
Start importing Assets/Resources/Scenes using Guid(63e99580bebaa4bb396b998cb995035c) Importer(815301076,1909f56bfc062723c751e8b465ee728b)  -> (artifact id: '2ed309ef0e2be191362c668c48f28106') in 0.001318 seconds 
========================================================================
Received Import Request.
  Time since last request: 1.249241 seconds.
  path: Assets/Resources/Scenes/Main.unity
  artifactKey: Guid(8af6e9cbc95e34251b5d32b0dead9b2d) Importer(815301076,1909f56bfc062723c751e8b465ee728b)
Start importing Assets/Resources/Scenes/Main.unity using Guid(8af6e9cbc95e34251b5d32b0dead9b2d) Importer(815301076,1909f56bfc062723c751e8b465ee728b)  -> (artifact id: '5d95cbcdac25f2ec057ed4c6a2959626') in 0.001299 seconds 
========================================================================
Received Prepare
Registering precompiled user dll's ...
Registered in 0.003943 seconds.
Begin MonoManager ReloadAssembly
Native extension for OSXStandalone target not found
Refreshing native plugins compatible for Editor in 0.58 ms, found 2 plugins.
Preloading 0 native plugins for Editor in 0.00 ms.
Mono: successfully reloaded assembly
- Completed reload, in  2.812 seconds
Domain Reload Profiling:
	ReloadAssembly (2812ms)
		BeginReloadAssembly (286ms)
			ExecutionOrderSort (0ms)
			DisableScriptedObjects (46ms)
			BackupInstance (0ms)
			ReleaseScriptingObjects (0ms)
			CreateAndSetChildDomain (103ms)
		EndReloadAssembly (2411ms)
			LoadAssemblies (230ms)
			RebuildTransferFunctionScriptingTraits (0ms)
			SetupTypeCache (385ms)
			ReleaseScriptCaches (1ms)
			RebuildScriptCaches (69ms)
			SetupLoadedEditorAssemblies (1308ms)
				LogAssemblyErrors (0ms)
				InitializePlatformSupportModulesInManaged (14ms)
				SetLoadedEditorAssemblies (1ms)
				RefreshPlugins (1ms)
				BeforeProcessingInitializeOnLoad (102ms)
				ProcessInitializeOnLoadAttributes (1090ms)
				ProcessInitializeOnLoadMethodAttributes (99ms)
				AfterProcessingInitializeOnLoad (1ms)
				EditorAssembliesLoaded (1ms)
			ExecutionOrderSort2 (0ms)
			AwakeInstancesAfterBackupRestoration (53ms)
Platform modules already initialized, skipping
Refreshing native plugins compatible for Editor in 0.55 ms, found 2 plugins.
Preloading 0 native plugins for Editor in 0.00 ms.
Unloading 1970 Unused Serialized files (Serialized files now loaded: 0)
System memory in use before: 178.9 MB.
System memory in use after: 179.0 MB.

Unloading 49 unused Assets to reduce memory usage. Loaded Objects now: 2455.
Total: 4.233208 ms (FindLiveObjects: 0.125375 ms CreateObjectMapping: 0.042333 ms MarkObjects: 4.030083 ms  DeleteObjects: 0.034583 ms)

AssetImportParameters requested are different than current active one (requested -> active):
  custom:video-decoder-ogg-theora: a1e56fd34408186e4bbccfd4996cb3dc -> 
  custom:container-muxer-webm: aa71ff27fc2769a1b78a27578f13a17b -> 
  custom:container-demuxer-webm: 4f35f7cbe854078d1ac9338744f61a02 -> 
  custom:container-demuxer-ogg: 62fdf1f143b41e24485cea50d1cbac27 -> 
  custom:video-encoder-webm-vp8: eb34c28f22e8b96e1ab97ce403110664 -> 
  custom:framework-osx-AVFoundation: e770b220cccbd017edd2c1fefb359320 -> 
  custom:video-decoder-webm-vp8: 9c59270c3fd7afecdb556c50c9e8de78 -> 
  custom:audio-decoder-ogg-vorbis: bf7c407c2cedff20999df2af8eb42d56 -> 
  custom:audio-encoder-webm-vorbis: bf7c407c2cedff20999df2af8eb42d56 -> 
